<?xml version="1.0" encoding="UTF-8"?>
<!-- Generated by org.testng.reporters.JUnitReportReporter -->
<testsuite hostname="SAGAR-REDDY" failures="0" tests="1" name="com.actitime.testscript.ProjectModule" time="153.282" errors="0" timestamp="2023-07-21T19:08:40 IST" skipped="0">
  <testcase classname="com.actitime.testscript.ProjectModule" name="testCreateCustomer" time="153.282">
    <system-out>
      <![CDATA[create project]]>
    </system-out>
  </testcase> <!-- testCreateCustomer -->
  <system-out>
    <![CDATA[create project]]>
  </system-out>
</testsuite> <!-- com.actitime.testscript.ProjectModule -->
