<?xml version="1.0" encoding="UTF-8"?>
<!-- Generated by org.testng.reporters.JUnitReportReporter -->
<testsuite hostname="SAGAR-REDDY" failures="0" tests="1" name="com.actitime.testscript.CreateCustomer" time="18.372" errors="0" timestamp="2023-07-21T16:24:39 IST" skipped="0">
  <testcase classname="com.actitime.testscript.CreateCustomer" name="testCreateCustomer" time="18.372">
    <system-out>
      <![CDATA[createcustomer]]>
    </system-out>
  </testcase> <!-- testCreateCustomer -->
  <system-out>
    <![CDATA[createcustomer]]>
  </system-out>
</testsuite> <!-- com.actitime.testscript.CreateCustomer -->
